wear/build/intermediates/manifest_merge_blame_file/release/processReleaseMainManifest/manifest-merger-blame-release-report.txt
1<?xml version="1.0" encoding="utf-8"?>
2<manifest xmlns:android="http://schemas.android.com/apk/res/android"
3    package="com.ix7.tracker.wear"
4    android:versionCode="1"
5    android:versionName="1.0.0" >
6
7    <uses-sdk
8        android:minSdkVersion="30"
9        android:targetSdkVersion="34" />
10
11    <!-- Permissions Bluetooth LE -->
12    <uses-permission android:name="android.permission.BLUETOOTH" />
12-->src\main\AndroidManifest.xml:6:5-68
12-->src\main\AndroidManifest.xml:6:22-65
13    <uses-permission android:name="android.permission.BLUETOOTH_ADMIN" />
13-->src\main\AndroidManifest.xml:7:5-74
13-->src\main\AndroidManifest.xml:7:22-71
14    <uses-permission android:name="android.permission.BLUETOOTH_SCAN" />
14-->src\main\AndroidManifest.xml:8:5-73
14-->src\main\AndroidManifest.xml:8:22-70
15    <uses-permission android:name="android.permission.BLUETOOTH_CONNECT" />
15-->src\main\AndroidManifest.xml:9:5-76
15-->src\main\AndroidManifest.xml:9:22-73
16    <uses-permission android:name="android.permission.ACCESS_FINE_LOCATION" />
16-->src\main\AndroidManifest.xml:10:5-79
16-->src\main\AndroidManifest.xml:10:22-76
17    <uses-permission android:name="android.permission.ACCESS_COARSE_LOCATION" />
17-->src\main\AndroidManifest.xml:11:5-81
17-->src\main\AndroidManifest.xml:11:22-78
18
19    <!-- Features - IMPORTANT: BLE en required:false pour Wear OS -->
20    <uses-feature
20-->src\main\AndroidManifest.xml:15:5-17:36
21        android:name="android.hardware.bluetooth_le"
21-->src\main\AndroidManifest.xml:16:9-53
22        android:required="false" />
22-->src\main\AndroidManifest.xml:17:9-33
23    <uses-feature
23-->src\main\AndroidManifest.xml:18:5-20:35
24        android:name="android.hardware.type.watch"
24-->src\main\AndroidManifest.xml:19:9-51
25        android:required="true" />
25-->src\main\AndroidManifest.xml:20:9-32
26
27    <permission
27-->[androidx.core:core:1.12.0] AndroidManifest.xml:22:5-24:47
28        android:name="com.ix7.tracker.wear.DYNAMIC_RECEIVER_NOT_EXPORTED_PERMISSION"
28-->[androidx.core:core:1.12.0] AndroidManifest.xml:23:9-81
29        android:protectionLevel="signature" />
29-->[androidx.core:core:1.12.0] AndroidManifest.xml:24:9-44
30
31    <uses-permission android:name="com.ix7.tracker.wear.DYNAMIC_RECEIVER_NOT_EXPORTED_PERMISSION" />
31-->[androidx.core:core:1.12.0] AndroidManifest.xml:26:5-97
31-->[androidx.core:core:1.12.0] AndroidManifest.xml:26:22-94
32
33    <application
33-->src\main\AndroidManifest.xml:22:5-44:19
34        android:allowBackup="true"
34-->src\main\AndroidManifest.xml:23:9-35
35        android:appComponentFactory="androidx.core.app.CoreComponentFactory"
35-->[androidx.core:core:1.12.0] AndroidManifest.xml:28:18-86
36        android:dataExtractionRules="@xml/data_extraction_rules"
36-->src\main\AndroidManifest.xml:24:9-65
37        android:extractNativeLibs="false"
38        android:fullBackupContent="@xml/backup_rules"
38-->src\main\AndroidManifest.xml:25:9-54
39        android:icon="@mipmap/ic_launcher"
39-->src\main\AndroidManifest.xml:26:9-43
40        android:label="@string/app_name"
40-->src\main\AndroidManifest.xml:27:9-41
41        android:supportsRtl="true"
41-->src\main\AndroidManifest.xml:28:9-35
42        android:theme="@android:style/Theme.DeviceDefault" >
42-->src\main\AndroidManifest.xml:29:9-59
43
44        <!-- Activité principale -->
45        <activity
45-->src\main\AndroidManifest.xml:33:9-42:20
46            android:name="com.ix7.tracker.wear.MainActivity"
46-->src\main\AndroidManifest.xml:34:13-41
47            android:exported="true"
47-->src\main\AndroidManifest.xml:35:13-36
48            android:label="@string/app_name"
48-->src\main\AndroidManifest.xml:36:13-45
49            android:theme="@android:style/Theme.DeviceDefault" >
49-->src\main\AndroidManifest.xml:37:13-63
50            <intent-filter>
50-->src\main\AndroidManifest.xml:38:13-41:29
51                <action android:name="android.intent.action.MAIN" />
51-->src\main\AndroidManifest.xml:39:17-69
51-->src\main\AndroidManifest.xml:39:25-66
52
53                <category android:name="android.intent.category.LAUNCHER" />
53-->src\main\AndroidManifest.xml:40:17-77
53-->src\main\AndroidManifest.xml:40:27-74
54            </intent-filter>
55        </activity>
56
57        <uses-library
57-->[androidx.wear:wear:1.3.0] AndroidManifest.xml:23:9-25:40
58            android:name="com.google.android.wearable"
58-->[androidx.wear:wear:1.3.0] AndroidManifest.xml:24:13-55
59            android:required="false" />
59-->[androidx.wear:wear:1.3.0] AndroidManifest.xml:25:13-37
60
61        <provider
61-->[androidx.emoji2:emoji2:1.3.0] AndroidManifest.xml:24:9-32:20
62            android:name="androidx.startup.InitializationProvider"
62-->[androidx.emoji2:emoji2:1.3.0] AndroidManifest.xml:25:13-67
63            android:authorities="com.ix7.tracker.wear.androidx-startup"
63-->[androidx.emoji2:emoji2:1.3.0] AndroidManifest.xml:26:13-68
64            android:exported="false" >
64-->[androidx.emoji2:emoji2:1.3.0] AndroidManifest.xml:27:13-37
65            <meta-data
65-->[androidx.emoji2:emoji2:1.3.0] AndroidManifest.xml:29:13-31:52
66                android:name="androidx.emoji2.text.EmojiCompatInitializer"
66-->[androidx.emoji2:emoji2:1.3.0] AndroidManifest.xml:30:17-75
67                android:value="androidx.startup" />
67-->[androidx.emoji2:emoji2:1.3.0] AndroidManifest.xml:31:17-49
68            <meta-data
68-->[androidx.lifecycle:lifecycle-process:2.7.0] AndroidManifest.xml:29:13-31:52
69                android:name="androidx.lifecycle.ProcessLifecycleInitializer"
69-->[androidx.lifecycle:lifecycle-process:2.7.0] AndroidManifest.xml:30:17-78
70                android:value="androidx.startup" />
70-->[androidx.lifecycle:lifecycle-process:2.7.0] AndroidManifest.xml:31:17-49
71            <meta-data
71-->[androidx.profileinstaller:profileinstaller:1.3.0] AndroidManifest.xml:29:13-31:52
72                android:name="androidx.profileinstaller.ProfileInstallerInitializer"
72-->[androidx.profileinstaller:profileinstaller:1.3.0] AndroidManifest.xml:30:17-85
73                android:value="androidx.startup" />
73-->[androidx.profileinstaller:profileinstaller:1.3.0] AndroidManifest.xml:31:17-49
74        </provider>
75
76        <receiver
76-->[androidx.profileinstaller:profileinstaller:1.3.0] AndroidManifest.xml:34:9-52:20
77            android:name="androidx.profileinstaller.ProfileInstallReceiver"
77-->[androidx.profileinstaller:profileinstaller:1.3.0] AndroidManifest.xml:35:13-76
78            android:directBootAware="false"
78-->[androidx.profileinstaller:profileinstaller:1.3.0] AndroidManifest.xml:36:13-44
79            android:enabled="true"
79-->[androidx.profileinstaller:profileinstaller:1.3.0] AndroidManifest.xml:37:13-35
80            android:exported="true"
80-->[androidx.profileinstaller:profileinstaller:1.3.0] AndroidManifest.xml:38:13-36
81            android:permission="android.permission.DUMP" >
81-->[androidx.profileinstaller:profileinstaller:1.3.0] AndroidManifest.xml:39:13-57
82            <intent-filter>
82-->[androidx.profileinstaller:profileinstaller:1.3.0] AndroidManifest.xml:40:13-42:29
83                <action android:name="androidx.profileinstaller.action.INSTALL_PROFILE" />
83-->[androidx.profileinstaller:profileinstaller:1.3.0] AndroidManifest.xml:41:17-91
83-->[androidx.profileinstaller:profileinstaller:1.3.0] AndroidManifest.xml:41:25-88
84            </intent-filter>
85            <intent-filter>
85-->[androidx.profileinstaller:profileinstaller:1.3.0] AndroidManifest.xml:43:13-45:29
86                <action android:name="androidx.profileinstaller.action.SKIP_FILE" />
86-->[androidx.profileinstaller:profileinstaller:1.3.0] AndroidManifest.xml:44:17-85
86-->[androidx.profileinstaller:profileinstaller:1.3.0] AndroidManifest.xml:44:25-82
87            </intent-filter>
88            <intent-filter>
88-->[androidx.profileinstaller:profileinstaller:1.3.0] AndroidManifest.xml:46:13-48:29
89                <action android:name="androidx.profileinstaller.action.SAVE_PROFILE" />
89-->[androidx.profileinstaller:profileinstaller:1.3.0] AndroidManifest.xml:47:17-88
89-->[androidx.profileinstaller:profileinstaller:1.3.0] AndroidManifest.xml:47:25-85
90            </intent-filter>
91            <intent-filter>
91-->[androidx.profileinstaller:profileinstaller:1.3.0] AndroidManifest.xml:49:13-51:29
92                <action android:name="androidx.profileinstaller.action.BENCHMARK_OPERATION" />
92-->[androidx.profileinstaller:profileinstaller:1.3.0] AndroidManifest.xml:50:17-95
92-->[androidx.profileinstaller:profileinstaller:1.3.0] AndroidManifest.xml:50:25-92
93            </intent-filter>
94        </receiver>
95    </application>
96
97</manifest>